
--- New OCR Request: video ---

--- [OCR START] type=video ---
VIDEO: https://www.youtube.com/watch?v=3QhU9jd03a0 at 89.0s
SUCCESS: Frame capture len=169948
SHAPE: (864, 1536, 3)
RUNNING: EasyOCR...
RESULT: Found 0 blocks
TEXT: ...

--- [OCR START] type=video ---
VIDEO: https://www.youtube.com/watch?v=3QhU9jd03a0 at 89.0s
SUCCESS: Frame capture len=169948
SHAPE: (864, 1536, 3)
RUNNING: EasyOCR (sensitive mode)...
RESULT: Found 0 text snippets
TEXT: ...

--- [OCR START] type=video ---
VIDEO: https://www.youtube.com/watch?v=3QhU9jd03a0 at 89.0s
SUCCESS: Frame capture len=169948
SHAPE: (864, 1536, 3)
RUNNING: EasyOCR (default mode)...
RESULT: Found 0 items
TEXT: ...

--- [OCR START] type=video ---
VIDEO: https://youtu.be/l1Dl_czYpJI?si=nxhZxZpi7HrmgniD at 222.413889s
SUCCESS: Frame capture len=89488
SHAPE: (472, 1864, 3)
RUNNING: EasyOCR (default mode)...
RESULT: Found 4 items
TEXT: CIA TRIAD Confidentiality Integrity Availability...

--- [OCR START] type=video ---
VIDEO: https://youtu.be/l1Dl_czYpJI?si=nxhZxZpi7HrmgniD at 222.413889s
SUCCESS: Frame capture len=89488
SHAPE: (472, 1864, 3)
RUNNING: EasyOCR (default mode)...
RESULT: Found 4 items
TEXT: CIA TRIAD Confidentiality Integrity Availability...

--- [OCR START] type=video ---
VIDEO: https://youtu.be/0dFNpNgiTAA?si=844hVcHvK16qwrbK at 174.793486s
SUCCESS: Frame capture len=69076
SHAPE: (468, 1878, 3)
RUNNING: EasyOCR (default mode)...
RESULT: Found 16 items
TEXT: Network ID Host ID 8bits 8bits 8bits 8bits Class Network Host Host Host Class B Network Network Host...

--- [OCR START] type=video ---
VIDEO: https://youtu.be/0dFNpNgiTAA?si=844hVcHvK16qwrbK at 174.793486s
SUCCESS: Frame capture len=69076
SHAPE: (468, 1878, 3)
RUNNING: EasyOCR (default mode)...
RESULT: Found 16 items
TEXT: Network ID Host ID 8bits 8bits 8bits 8bits Class Network Host Host Host Class B Network Network Host...

--- [OCR START] type=video ---
VIDEO: https://youtu.be/0dFNpNgiTAA?si=844hVcHvK16qwrbK at 126.806925s
SUCCESS: Frame capture len=88656
SHAPE: (508, 1904, 3)
RUNNING: EasyOCR (default mode)...
RESULT: Found 15 items
TEXT: Class Starting Address Ending Address 4 0.0.0.0 127.255.255.255 128.0.0.0 191.255.255.255 192.0.0.0 ...

--- [OCR START] type=video ---
VIDEO: https://youtu.be/0dFNpNgiTAA?si=844hVcHvK16qwrbK at 243.725413s
SUCCESS: Frame capture len=71364
SHAPE: (498, 1900, 3)
RUNNING: EasyOCR (default mode)...
RESULT: Found 12 items
TEXT: First Octet 5 192.0.0.0 223.255.255.255 224.0.0.0 239.255.255.255 E 240.0.0.0 255.255.255.255 1.2.3....

--- [OCR START] type=video ---
VIDEO: https://youtu.be/0dFNpNgiTAA?si=844hVcHvK16qwrbK at 243.725413s
SUCCESS: Frame capture len=71364
SHAPE: (498, 1900, 3)
RUNNING: EasyOCR (default mode)...
RESULT: Found 12 items
TEXT: First Octet 5 192.0.0.0 223.255.255.255 224.0.0.0 239.255.255.255 E 240.0.0.0 255.255.255.255 1.2.3....

--- [OCR START] type=video ---
VIDEO: https://youtu.be/0dFNpNgiTAA?si=844hVcHvK16qwrbK at 243.725413s
SUCCESS: Frame capture len=60940
SHAPE: (352, 1716, 3)
RUNNING: EasyOCR (default mode)...
RESULT: Found 12 items
TEXT: T isl Uclel 192.0.0.0 223.255.255.255 D 224.0.0.0 239.255.255.255 E 240.0.0.0 255.255.255.255 12.3.4...

--- [OCR START] type=video ---
VIDEO: https://youtu.be/l1Dl_czYpJI?si=nxhZxZpi7HrmgniD at 207.976466s
SUCCESS: Frame capture len=105084
SHAPE: (788, 1854, 3)
RUNNING: EasyOCR (default mode)...
RESULT: Found 6 items
TEXT: Lon5es Learnin CIA TRIAD Confidentiality Integrity Availability...

--- [OCR START] type=video ---
VIDEO: https://youtu.be/l1Dl_czYpJI?si=nxhZxZpi7HrmgniD at 207.976466s
SUCCESS: Frame capture len=105084
SHAPE: (788, 1854, 3)
RUNNING: EasyOCR (default mode)...
RESULT: Found 6 items
TEXT: Lon5es Learnin CIA TRIAD Confidentiality Integrity Availability...

--- [OCR START] type=video ---
VIDEO: https://youtu.be/l1Dl_czYpJI?si=nxhZxZpi7HrmgniD at 212.89676s
SUCCESS: Frame capture len=93516
SHAPE: (608, 1734, 3)
RUNNING: EasyOCR (default mode)...
RESULT: Found 4 items
TEXT: CIA TRIAD Confidentiality Integrity Availability...

--- [OCR START] type=video ---
VIDEO: https://youtu.be/l1Dl_czYpJI?si=nxhZxZpi7HrmgniD at 212.89676s
SUCCESS: Frame capture len=93516
SHAPE: (608, 1734, 3)
RUNNING: EasyOCR (default mode)...
RESULT: Found 4 items
TEXT: CIA TRIAD Confidentiality Integrity Availability...

--- [OCR START] type=video ---
VIDEO: https://youtu.be/xv5lwFxxUw0?si=zYeQc7Ltq7nma3st at 230.59352s
SUCCESS: Frame capture len=153208
SHAPE: (684, 898, 3)
RUNNING: EasyOCR (default mode)...
RESULT: Found 39 items
TEXT: #L A =0 , B= 1, @ 2 D-3 Y-24_ Ze Lt #zz 2*2 11 8 Plointexh Shork exomple [SI[HLY[TJI; [4 7 CakP (23 ...

--- [OCR START] type=video ---
VIDEO: https://youtu.be/xv5lwFxxUw0?si=zYeQc7Ltq7nma3st at 230.59352s
SUCCESS: Frame capture len=153208
SHAPE: (684, 898, 3)
RUNNING: EasyOCR (default mode)...
RESULT: Found 39 items
TEXT: #L A =0 , B= 1, @ 2 D-3 Y-24_ Ze Lt #zz 2*2 11 8 Plointexh Shork exomple [SI[HLY[TJI; [4 7 CakP (23 ...
